<?xml version="1.0" encoding="UTF-8" standalone="no"?>
<testsuite failures="1" name="cucumber.runtime.formatter.JUnitFormatter" skipped="0" tests="2" time="40.734049">
<testcase classname="To Validate Login Funtionality Of Faceook application" name="To validate login with empty username and empty password" time="8.659303">
<failure message="java.lang.AssertionError&#13;&#10;&#9;at org.junit.Assert.fail(Assert.java:86)&#13;&#10;&#9;at org.junit.Assert.assertTrue(Assert.java:41)&#13;&#10;&#9;at org.junit.Assert.assertTrue(Assert.java:52)&#13;&#10;&#9;at org.steps.StepDefinition2.user_will_redirect_to_invalid_credential_page(StepDefinition2.java:21)&#13;&#10;&#9;at ✽.user will redirect to invalid credential page(file:src/test/resources/features/login.feature:20)&#13;&#10;"><![CDATA[Given user should be in login page..........................................passed
When user should click login button.........................................passed
Then user will redirect to invalid credential page..........................failed

StackTrace:
java.lang.AssertionError
	at org.junit.Assert.fail(Assert.java:86)
	at org.junit.Assert.assertTrue(Assert.java:41)
	at org.junit.Assert.assertTrue(Assert.java:52)
	at org.steps.StepDefinition2.user_will_redirect_to_invalid_credential_page(StepDefinition2.java:21)
	at ✽.user will redirect to invalid credential page(file:src/test/resources/features/login.feature:20)
]]></failure>
</testcase>
<testcase classname="To validate search function in snapdeal" name="To validate search box with product name" time="32.074746">
<system-out><![CDATA[Given user should be in snapdeal home page..................................passed
When user should enter the product name in search box.......................passed
And user should click search button.........................................passed
Then user will navigate to product page.....................................passed
]]></system-out>
</testcase>
</testsuite>
